  main.cpp
C:\Users\Alex\Desktop\smartcube\main.cpp(22,79): warning C4305: 'argumento': truncamiento de 'double' a 'float'
C:\Users\Alex\Desktop\smartcube\data.h(159,6): warning C4244: 'inicializando': conversión de 'float' a 'size_t'; posible pérdida de datos
C:\Users\Alex\Desktop\smartcube\data.h(151): message : al compilar la función del miembro clase plantilla "void data<float>::generate_random_data_set(float,float,float,numeric,numeric,float (__cdecl data<numeric>::* )(numeric,numeric))"
          with
          [
              numeric=float
          ]
C:\Users\Alex\Desktop\smartcube\smartcube.h(33): message : Vea la referencia a la creación de una instancia de la función plantilla "void data<float>::generate_random_data_set(float,float,float,numeric,numeric,float (__cdecl data<numeric>::* )(numeric,numeric))" que se está compilando
          with
          [
              numeric=float
          ]
C:\Users\Alex\Desktop\smartcube\smartcube.h(31): message : al compilar la función del miembro clase plantilla "smartcube<float>::smartcube(int,int,float,float,float,numeric,numeric)"
          with
          [
              numeric=float
          ]
C:\Users\Alex\Desktop\smartcube\main.cpp(22): message : Vea la referencia a la creación de una instancia de la función plantilla "smartcube<float>::smartcube(int,int,float,float,float,numeric,numeric)" que se está compilando
          with
          [
              numeric=float
          ]
C:\Users\Alex\Desktop\smartcube\main.cpp(22): message : Vea la referencia a la creación de una instancia de clase plantilla "smartcube<float>" que se está compilando
C:\Users\Alex\Desktop\smartcube\data.h(160,6): warning C4244: 'inicializando': conversión de 'float' a 'size_t'; posible pérdida de datos
C:\Users\Alex\Desktop\smartcube\data.h(161,6): warning C4244: 'inicializando': conversión de 'float' a 'size_t'; posible pérdida de datos
C:\Users\Alex\Desktop\smartcube\data.h(158,24): warning C4101: 's': variable local sin referencia
C:\Users\Alex\Desktop\smartcube\datum.h(95,1): warning C4267: '=': conversión de 'size_t' a 'int'; posible pérdida de datos
C:\Users\Alex\Desktop\smartcube\datum.h(94): message : al compilar la función del miembro clase plantilla "void datum<numeric>::set_categorical(std::vector<category,std::allocator<category>>)"
          with
          [
              numeric=float
          ]
C:\Users\Alex\Desktop\smartcube\data.h(175): message : Vea la referencia a la creación de una instancia de la función plantilla "void datum<numeric>::set_categorical(std::vector<category,std::allocator<category>>)" que se está compilando
          with
          [
              numeric=float
          ]
C:\Users\Alex\Desktop\smartcube\data.h(155): message : Vea la referencia a la creación de una instancia de clase plantilla "datum<numeric>" que se está compilando
          with
          [
              numeric=float
          ]
C:\Users\Alex\Desktop\smartcube\data.h(151): message : al compilar la función del miembro clase plantilla "void data<float>::generate_random_data_set(float,float,float,numeric,numeric,float (__cdecl data<numeric>::* )(numeric,numeric))"
          with
          [
              numeric=float
          ]
C:\Users\Alex\Desktop\smartcube\smartcube.h(33): message : Vea la referencia a la creación de una instancia de la función plantilla "void data<float>::generate_random_data_set(float,float,float,numeric,numeric,float (__cdecl data<numeric>::* )(numeric,numeric))" que se está compilando
          with
          [
              numeric=float
          ]
C:\Users\Alex\Desktop\smartcube\datum.h(117,1): warning C4267: '=': conversión de 'size_t' a 'int'; posible pérdida de datos
C:\Users\Alex\Desktop\smartcube\datum.h(116): message : al compilar la función del miembro clase plantilla "void datum<numeric>::set_temporal(std::vector<temporary,std::allocator<temporary>>)"
          with
          [
              numeric=float
          ]
C:\Users\Alex\Desktop\smartcube\data.h(182): message : Vea la referencia a la creación de una instancia de la función plantilla "void datum<numeric>::set_temporal(std::vector<temporary,std::allocator<temporary>>)" que se está compilando
          with
          [
              numeric=float
          ]
C:\Users\Alex\Desktop\smartcube\point.h(168,1): warning C4267: '=': conversión de 'size_t' a 'int'; posible pérdida de datos
C:\Users\Alex\Desktop\smartcube\point.h(167): message : al compilar la función del miembro clase plantilla "point<numeric>::point(std::vector<numeric,std::allocator<numeric>>)"
          with
          [
              numeric=float
          ]
C:\Users\Alex\Desktop\smartcube\data.h(169): message : Vea la referencia a la creación de una instancia de la función plantilla "point<numeric>::point(std::vector<numeric,std::allocator<numeric>>)" que se está compilando
          with
          [
              numeric=float
          ]
C:\Users\Alex\Desktop\smartcube\datum.h(19): message : Vea la referencia a la creación de una instancia de clase plantilla "point<numeric>" que se está compilando
          with
          [
              numeric=float
          ]
  Generando código
  5 of 374 functions ( 1.3%) were compiled, the rest were copied from previous compilation.
    0 functions were new in current compilation
    1 functions had inline decision re-evaluated but remain unchanged
  Generación de código finalizada
  smartcube.vcxproj -> C:\Users\Alex\Desktop\smartcube\x64\Release\smartcube.exe
